# JRE version: OpenJDK Runtime Environment (8.0_191-b12) (build 1.8.0_191-8u191-b12-2ubuntu0.16.04.1-b12)
# Java VM: OpenJDK 64-Bit Server VM (25.191-b12 mixed mode linux-amd64 compressed oops)
Heap:
 def new generation   total 30528K, used 0K [0x00000000c6400000, 0x00000000c8510000, 0x00000000d9800000)
  eden space 27200K,   0% used [0x00000000c6400000, 0x00000000c6400000, 0x00000000c7e90000)
  from space 3328K,   0% used [0x00000000c7e90000, 0x00000000c7e90000, 0x00000000c81d0000)
  to   space 3328K,   0% used [0x00000000c81d0000, 0x00000000c81d0000, 0x00000000c8510000)
 tenured generation   total 77360K, used 57435K [0x00000000d9800000, 0x00000000de38c000, 0x0000000100000000)
   the space 77360K,  74% used [0x00000000d9800000, 0x00000000dd016d30, 0x00000000dd016e00, 0x00000000de38c000)
 Metaspace       used 29288K, capacity 30240K, committed 30464K, reserved 1077248K
  class space    used 3238K, capacity 3521K, committed 3584K, reserved 1048576K
GC Heap History (10 events):
Event: 11.293 GC heap after
Heap after GC invocations=27 (full 2):
 def new generation   total 30528K, used 1204K [0x00000000c6400000, 0x00000000c8510000, 0x00000000d9800000)
  eden space 27200K,   0% used [0x00000000c6400000, 0x00000000c6400000, 0x00000000c7e90000)
  from space 3328K,  36% used [0x00000000c81d0000, 0x00000000c82fd0b8, 0x00000000c8510000)
  to   space 3328K,   0% used [0x00000000c7e90000, 0x00000000c7e90000, 0x00000000c81d0000)
 tenured generation   total 67592K, used 40553K [0x00000000d9800000, 0x00000000dda02000, 0x0000000100000000)
   the space 67592K,  59% used [0x00000000d9800000, 0x00000000dbf9a798, 0x00000000dbf9a800, 0x00000000dda02000)
 Metaspace       used 26750K, capacity 27488K, committed 27776K, reserved 1073152K
  class space    used 2966K, capacity 3166K, committed 3200K, reserved 1048576K
}
Event: 11.840 GC heap before
{Heap before GC invocations=27 (full 2):
 def new generation   total 30528K, used 28404K [0x00000000c6400000, 0x00000000c8510000, 0x00000000d9800000)
  eden space 27200K, 100% used [0x00000000c6400000, 0x00000000c7e90000, 0x00000000c7e90000)
  from space 3328K,  36% used [0x00000000c81d0000, 0x00000000c82fd0b8, 0x00000000c8510000)
  to   space 3328K,   0% used [0x00000000c7e90000, 0x00000000c7e90000, 0x00000000c81d0000)
 tenured generation   total 67592K, used 40553K [0x00000000d9800000, 0x00000000dda02000, 0x0000000100000000)
   the space 67592K,  59% used [0x00000000d9800000, 0x00000000dbf9a798, 0x00000000dbf9a800, 0x00000000dda02000)
 Metaspace       used 26937K, capacity 27710K, committed 28032K, reserved 1075200K
  class space    used 2978K, capacity 3177K, committed 3200K, reserved 1048576K
Event: 11.865 GC heap after
Heap after GC invocations=28 (full 2):
 def new generation   total 30528K, used 3328K [0x00000000c6400000, 0x00000000c8510000, 0x00000000d9800000)
  eden space 27200K,   0% used [0x00000000c6400000, 0x00000000c6400000, 0x00000000c7e90000)
  from space 3328K, 100% used [0x00000000c7e90000, 0x00000000c81d0000, 0x00000000c81d0000)
  to   space 3328K,   0% used [0x00000000c81d0000, 0x00000000c81d0000, 0x00000000c8510000)
 tenured generation   total 67592K, used 44218K [0x00000000d9800000, 0x00000000dda02000, 0x0000000100000000)
   the space 67592K,  65% used [0x00000000d9800000, 0x00000000dc32ea60, 0x00000000dc32ec00, 0x00000000dda02000)
 Metaspace       used 26937K, capacity 27710K, committed 28032K, reserved 1075200K
  class space    used 2978K, capacity 3177K, committed 3200K, reserved 1048576K
}
Event: 12.308 GC heap before
{Heap before GC invocations=28 (full 2):
 def new generation   total 30528K, used 30528K [0x00000000c6400000, 0x00000000c8510000, 0x00000000d9800000)
  eden space 27200K, 100% used [0x00000000c6400000, 0x00000000c7e90000, 0x00000000c7e90000)
  from space 3328K, 100% used [0x00000000c7e90000, 0x00000000c81d0000, 0x00000000c81d0000)
  to   space 3328K,   0% used [0x00000000c81d0000, 0x00000000c81d0000, 0x00000000c8510000)
 tenured generation   total 67592K, used 44218K [0x00000000d9800000, 0x00000000dda02000, 0x0000000100000000)
   the space 67592K,  65% used [0x00000000d9800000, 0x00000000dc32ea60, 0x00000000dc32ec00, 0x00000000dda02000)
 Metaspace       used 27088K, capacity 27870K, committed 28160K, reserved 1075200K
  class space    used 2981K, capacity 3209K, committed 3328K, reserved 1048576K
Event: 12.369 GC heap after
Heap after GC invocations=29 (full 2):
 def new generation   total 30528K, used 3319K [0x00000000c6400000, 0x00000000c8510000, 0x00000000d9800000)
  eden space 27200K,   0% used [0x00000000c6400000, 0x00000000c6400000, 0x00000000c7e90000)
  from space 3328K,  99% used [0x00000000c81d0000, 0x00000000c850dc40, 0x00000000c8510000)
  to   space 3328K,   0% used [0x00000000c7e90000, 0x00000000c7e90000, 0x00000000c81d0000)
 tenured generation   total 67592K, used 46983K [0x00000000d9800000, 0x00000000dda02000, 0x0000000100000000)
   the space 67592K,  69% used [0x00000000d9800000, 0x00000000dc5e1c78, 0x00000000dc5e1e00, 0x00000000dda02000)
 Metaspace       used 27088K, capacity 27870K, committed 28160K, reserved 1075200K
  class space    used 2981K, capacity 3209K, committed 3328K, reserved 1048576K
}
Event: 12.917 GC heap before
{Heap before GC invocations=29 (full 2):
 def new generation   total 30528K, used 30519K [0x00000000c6400000, 0x00000000c8510000, 0x00000000d9800000)
  eden space 27200K, 100% used [0x00000000c6400000, 0x00000000c7e90000, 0x00000000c7e90000)
  from space 3328K,  99% used [0x00000000c81d0000, 0x00000000c850dc40, 0x00000000c8510000)
  to   space 3328K,   0% used [0x00000000c7e90000, 0x00000000c7e90000, 0x00000000c81d0000)
 tenured generation   total 67592K, used 46983K [0x00000000d9800000, 0x00000000dda02000, 0x0000000100000000)
   the space 67592K,  69% used [0x00000000d9800000, 0x00000000dc5e1c78, 0x00000000dc5e1e00, 0x00000000dda02000)
 Metaspace       used 27806K, capacity 28646K, committed 28928K, reserved 1075200K
  class space    used 3034K, capacity 3311K, committed 3328K, reserved 1048576K
Event: 12.946 GC heap after
Heap after GC invocations=30 (full 2):
 def new generation   total 30528K, used 1821K [0x00000000c6400000, 0x00000000c8510000, 0x00000000d9800000)
  eden space 27200K,   0% used [0x00000000c6400000, 0x00000000c6400000, 0x00000000c7e90000)
  from space 3328K,  54% used [0x00000000c7e90000, 0x00000000c8057728, 0x00000000c81d0000)
  to   space 3328K,   0% used [0x00000000c81d0000, 0x00000000c81d0000, 0x00000000c8510000)
 tenured generation   total 67592K, used 50260K [0x00000000d9800000, 0x00000000dda02000, 0x0000000100000000)
   the space 67592K,  74% used [0x00000000d9800000, 0x00000000dc915048, 0x00000000dc915200, 0x00000000dda02000)
 Metaspace       used 27806K, capacity 28646K, committed 28928K, reserved 1075200K
  class space    used 3034K, capacity 3311K, committed 3328K, reserved 1048576K
}
Event: 13.516 GC heap before
{Heap before GC invocations=30 (full 2):
 def new generation   total 30528K, used 22548K [0x00000000c6400000, 0x00000000c8510000, 0x00000000d9800000)
  eden space 27200K,  76% used [0x00000000c6400000, 0x00000000c783d9d0, 0x00000000c7e90000)
  from space 3328K,  54% used [0x00000000c7e90000, 0x00000000c8057728, 0x00000000c81d0000)
  to   space 3328K,   0% used [0x00000000c81d0000, 0x00000000c81d0000, 0x00000000c8510000)
 tenured generation   total 67592K, used 50260K [0x00000000d9800000, 0x00000000dda02000, 0x0000000100000000)
   the space 67592K,  74% used [0x00000000d9800000, 0x00000000dc915048, 0x00000000dc915200, 0x00000000dda02000)
 Metaspace       used 29280K, capacity 30240K, committed 30464K, reserved 1077248K
  class space    used 3237K, capacity 3521K, committed 3584K, reserved 1048576K
Event: 13.532 GC heap after
Heap after GC invocations=31 (full 2):
 def new generation   total 30528K, used 2643K [0x00000000c6400000, 0x00000000c8510000, 0x00000000d9800000)
  eden space 27200K,   0% used [0x00000000c6400000, 0x00000000c6400000, 0x00000000c7e90000)
  from space 3328K,  79% used [0x00000000c81d0000, 0x00000000c8464f50, 0x00000000c8510000)
  to   space 3328K,   0% used [0x00000000c7e90000, 0x00000000c7e90000, 0x00000000c81d0000)
 tenured generation   total 67592K, used 51444K [0x00000000d9800000, 0x00000000dda02000, 0x0000000100000000)
   the space 67592K,  76% used [0x00000000d9800000, 0x00000000dca3d1f0, 0x00000000dca3d200, 0x00000000dda02000)
 Metaspace       used 29280K, capacity 30240K, committed 30464K, reserved 1077248K
  class space    used 3237K, capacity 3521K, committed 3584K, reserved 1048576K
}
Event: 13.545 GC heap before
{Heap before GC invocations=31 (full 2):
 def new generation   total 30528K, used 22713K [0x00000000c6400000, 0x00000000c8510000, 0x00000000d9800000)
  eden space 27200K,  73% used [0x00000000c6400000, 0x00000000c7799570, 0x00000000c7e90000)
  from space 3328K,  79% used [0x00000000c81d0000, 0x00000000c8464f50, 0x00000000c8510000)
  to   space 3328K,   0% used [0x00000000c7e90000, 0x00000000c7e90000, 0x00000000c81d0000)
 tenured generation   total 67592K, used 51444K [0x00000000d9800000, 0x00000000dda02000, 0x0000000100000000)
   the space 67592K,  76% used [0x00000000d9800000, 0x00000000dca3d1f0, 0x00000000dca3d200, 0x00000000dda02000)
 Metaspace       used 29288K, capacity 30240K, committed 30464K, reserved 1077248K
  class space    used 3238K, capacity 3521K, committed 3584K, reserved 1048576K

