# JRE version: OpenJDK Runtime Environment (8.0_191-b12) (build 1.8.0_191-8u191-b12-2ubuntu0.16.04.1-b12)
# Java VM: OpenJDK 64-Bit Server VM (25.191-b12 mixed mode linux-amd64 compressed oops)
Heap:
 def new generation   total 29760K, used 22576K [0x00000000c6400000, 0x00000000c8440000, 0x00000000d9800000)
  eden space 26496K,  75% used [0x00000000c6400000, 0x00000000c778f3b0, 0x00000000c7de0000)
  from space 3264K,  78% used [0x00000000c8110000, 0x00000000c838cfd8, 0x00000000c8440000)
  to   space 3264K,   0% used [0x00000000c7de0000, 0x00000000c7de43e0, 0x00000000c8110000)
 tenured generation   total 67140K, used 67123K [0x00000000d9800000, 0x00000000dd991000, 0x0000000100000000)
   the space 67140K,  99% used [0x00000000d9800000, 0x00000000dd98cc38, 0x00000000dd98ce00, 0x00000000dd991000)
 Metaspace       used 34101K, capacity 35194K, committed 35328K, reserved 1081344K
  class space    used 3785K, capacity 4091K, committed 4096K, reserved 1048576K
GC Heap History (10 events):
Event: 14.539 GC heap after
Heap after GC invocations=31 (full 2):
 def new generation   total 29760K, used 3263K [0x00000000c6400000, 0x00000000c8440000, 0x00000000d9800000)
  eden space 26496K,   0% used [0x00000000c6400000, 0x00000000c6400000, 0x00000000c7de0000)
  from space 3264K,  99% used [0x00000000c8110000, 0x00000000c843fff8, 0x00000000c8440000)
  to   space 3264K,   0% used [0x00000000c7de0000, 0x00000000c7de0000, 0x00000000c8110000)
 tenured generation   total 65988K, used 47670K [0x00000000d9800000, 0x00000000dd871000, 0x0000000100000000)
   the space 65988K,  72% used [0x00000000d9800000, 0x00000000dc68dae0, 0x00000000dc68dc00, 0x00000000dd871000)
 Metaspace       used 31674K, capacity 32432K, committed 32768K, reserved 1079296K
  class space    used 3525K, capacity 3776K, committed 3840K, reserved 1048576K
}
Event: 15.135 GC heap before
{Heap before GC invocations=31 (full 2):
 def new generation   total 29760K, used 29759K [0x00000000c6400000, 0x00000000c8440000, 0x00000000d9800000)
  eden space 26496K, 100% used [0x00000000c6400000, 0x00000000c7de0000, 0x00000000c7de0000)
  from space 3264K,  99% used [0x00000000c8110000, 0x00000000c843fff8, 0x00000000c8440000)
  to   space 3264K,   0% used [0x00000000c7de0000, 0x00000000c7de0000, 0x00000000c8110000)
 tenured generation   total 65988K, used 47670K [0x00000000d9800000, 0x00000000dd871000, 0x0000000100000000)
   the space 65988K,  72% used [0x00000000d9800000, 0x00000000dc68dae0, 0x00000000dc68dc00, 0x00000000dd871000)
 Metaspace       used 31770K, capacity 32594K, committed 32768K, reserved 1079296K
  class space    used 3529K, capacity 3810K, committed 3840K, reserved 1048576K
Event: 15.198 GC heap after
Heap after GC invocations=32 (full 2):
 def new generation   total 29760K, used 3264K [0x00000000c6400000, 0x00000000c8440000, 0x00000000d9800000)
  eden space 26496K,   0% used [0x00000000c6400000, 0x00000000c6400000, 0x00000000c7de0000)
  from space 3264K, 100% used [0x00000000c7de0000, 0x00000000c8110000, 0x00000000c8110000)
  to   space 3264K,   0% used [0x00000000c8110000, 0x00000000c8110000, 0x00000000c8440000)
 tenured generation   total 65988K, used 51092K [0x00000000d9800000, 0x00000000dd871000, 0x0000000100000000)
   the space 65988K,  77% used [0x00000000d9800000, 0x00000000dc9e5180, 0x00000000dc9e5200, 0x00000000dd871000)
 Metaspace       used 31770K, capacity 32594K, committed 32768K, reserved 1079296K
  class space    used 3529K, capacity 3810K, committed 3840K, reserved 1048576K
}
Event: 16.005 GC heap before
{Heap before GC invocations=32 (full 2):
 def new generation   total 29760K, used 29760K [0x00000000c6400000, 0x00000000c8440000, 0x00000000d9800000)
  eden space 26496K, 100% used [0x00000000c6400000, 0x00000000c7de0000, 0x00000000c7de0000)
  from space 3264K, 100% used [0x00000000c7de0000, 0x00000000c8110000, 0x00000000c8110000)
  to   space 3264K,   0% used [0x00000000c8110000, 0x00000000c8110000, 0x00000000c8440000)
 tenured generation   total 65988K, used 51092K [0x00000000d9800000, 0x00000000dd871000, 0x0000000100000000)
   the space 65988K,  77% used [0x00000000d9800000, 0x00000000dc9e5180, 0x00000000dc9e5200, 0x00000000dd871000)
 Metaspace       used 32556K, capacity 33530K, committed 33920K, reserved 1079296K
  class space    used 3584K, capacity 3880K, committed 3968K, reserved 1048576K
Event: 16.047 GC heap after
Heap after GC invocations=33 (full 2):
 def new generation   total 29760K, used 1959K [0x00000000c6400000, 0x00000000c8440000, 0x00000000d9800000)
  eden space 26496K,   0% used [0x00000000c6400000, 0x00000000c6400000, 0x00000000c7de0000)
  from space 3264K,  60% used [0x00000000c8110000, 0x00000000c82f9e18, 0x00000000c8440000)
  to   space 3264K,   0% used [0x00000000c7de0000, 0x00000000c7de0000, 0x00000000c8110000)
 tenured generation   total 65988K, used 54326K [0x00000000d9800000, 0x00000000dd871000, 0x0000000100000000)
   the space 65988K,  82% used [0x00000000d9800000, 0x00000000dcd0d848, 0x00000000dcd0da00, 0x00000000dd871000)
 Metaspace       used 32556K, capacity 33530K, committed 33920K, reserved 1079296K
  class space    used 3584K, capacity 3880K, committed 3968K, reserved 1048576K
}
Event: 17.106 GC heap before
{Heap before GC invocations=33 (full 2):
 def new generation   total 29760K, used 28455K [0x00000000c6400000, 0x00000000c8440000, 0x00000000d9800000)
  eden space 26496K, 100% used [0x00000000c6400000, 0x00000000c7de0000, 0x00000000c7de0000)
  from space 3264K,  60% used [0x00000000c8110000, 0x00000000c82f9e18, 0x00000000c8440000)
  to   space 3264K,   0% used [0x00000000c7de0000, 0x00000000c7de0000, 0x00000000c8110000)
 tenured generation   total 65988K, used 54326K [0x00000000d9800000, 0x00000000dd871000, 0x0000000100000000)
   the space 65988K,  82% used [0x00000000d9800000, 0x00000000dcd0d848, 0x00000000dcd0da00, 0x00000000dd871000)
 Metaspace       used 33013K, capacity 34110K, committed 34432K, reserved 1079296K
  class space    used 3621K, capacity 3923K, committed 3968K, reserved 1048576K
Event: 17.124 GC heap after
Heap after GC invocations=34 (full 2):
 def new generation   total 29760K, used 1352K [0x00000000c6400000, 0x00000000c8440000, 0x00000000d9800000)
  eden space 26496K,   0% used [0x00000000c6400000, 0x00000000c6400000, 0x00000000c7de0000)
  from space 3264K,  41% used [0x00000000c7de0000, 0x00000000c7f32288, 0x00000000c8110000)
  to   space 3264K,   0% used [0x00000000c8110000, 0x00000000c8110000, 0x00000000c8440000)
 tenured generation   total 65988K, used 55558K [0x00000000d9800000, 0x00000000dd871000, 0x0000000100000000)
   the space 65988K,  84% used [0x00000000d9800000, 0x00000000dce41b58, 0x00000000dce41c00, 0x00000000dd871000)
 Metaspace       used 33013K, capacity 34110K, committed 34432K, reserved 1079296K
  class space    used 3621K, capacity 3923K, committed 3968K, reserved 1048576K
}
Event: 17.539 GC heap before
{Heap before GC invocations=34 (full 2):
 def new generation   total 29760K, used 22491K [0x00000000c6400000, 0x00000000c8440000, 0x00000000d9800000)
  eden space 26496K,  79% used [0x00000000c6400000, 0x00000000c78a4998, 0x00000000c7de0000)
  from space 3264K,  41% used [0x00000000c7de0000, 0x00000000c7f32288, 0x00000000c8110000)
  to   space 3264K,   0% used [0x00000000c8110000, 0x00000000c8110000, 0x00000000c8440000)
 tenured generation   total 65988K, used 55558K [0x00000000d9800000, 0x00000000dd871000, 0x0000000100000000)
   the space 65988K,  84% used [0x00000000d9800000, 0x00000000dce41b58, 0x00000000dce41c00, 0x00000000dd871000)
 Metaspace       used 34101K, capacity 35194K, committed 35328K, reserved 1081344K
  class space    used 3785K, capacity 4091K, committed 4096K, reserved 1048576K
Event: 17.635 GC heap after
Heap after GC invocations=35 (full 2):
 def new generation   total 29760K, used 2547K [0x00000000c6400000, 0x00000000c8440000, 0x00000000d9800000)
  eden space 26496K,   0% used [0x00000000c6400000, 0x00000000c6400000, 0x00000000c7de0000)
  from space 3264K,  78% used [0x00000000c8110000, 0x00000000c838cfd8, 0x00000000c8440000)
  to   space 3264K,   0% used [0x00000000c7de0000, 0x00000000c7de0000, 0x00000000c8110000)
 tenured generation   total 65988K, used 65324K [0x00000000d9800000, 0x00000000dd871000, 0x0000000100000000)
   the space 65988K,  98% used [0x00000000d9800000, 0x00000000dd7cb1e8, 0x00000000dd7cb200, 0x00000000dd871000)
 Metaspace       used 34101K, capacity 35194K, committed 35328K, reserved 1081344K
  class space    used 3785K, capacity 4091K, committed 4096K, reserved 1048576K
}
Event: 17.703 GC heap before
{Heap before GC invocations=35 (full 2):
 def new generation   total 29760K, used 22576K [0x00000000c6400000, 0x00000000c8440000, 0x00000000d9800000)
  eden space 26496K,  75% used [0x00000000c6400000, 0x00000000c778f3b0, 0x00000000c7de0000)
  from space 3264K,  78% used [0x00000000c8110000, 0x00000000c838cfd8, 0x00000000c8440000)
  to   space 3264K,   0% used [0x00000000c7de0000, 0x00000000c7de0000, 0x00000000c8110000)
 tenured generation   total 65988K, used 65324K [0x00000000d9800000, 0x00000000dd871000, 0x0000000100000000)
   the space 65988K,  98% used [0x00000000d9800000, 0x00000000dd7cb1e8, 0x00000000dd7cb200, 0x00000000dd871000)
 Metaspace       used 34101K, capacity 35194K, committed 35328K, reserved 1081344K
  class space    used 3785K, capacity 4091K, committed 4096K, reserved 1048576K

